<?xml version="1.0" encoding="UTF-8" standalone="no"?>
<!DOCTYPE log SYSTEM "logger.dtd">
<log>
<record>
  <date>2026-07-10T11:34:45.125-0300</date>
  <logger>DAVID LEONAM SILVA HOLANDA</logger>
  <level>FINE</level>
  <message>File 121110520-DAVID LEONAM SILVA HOLANDA.zip was received. It was sent by DAVID LEONAM SILVA HOLANDA from IP 150.165.74.78 at 10-07-2026 11*34*45</message>
</record>
</log>
<?xml version="1.0" encoding="UTF-8" standalone="no"?>
<!DOCTYPE log SYSTEM "logger.dtd">
<log>
<record>
  <date>2026-07-10T18:56:54.355-0300</date>
  <logger>DAVID LEONAM SILVA HOLANDA</logger>
  <level>FINE</level>
  <message>File 121110520-DAVID LEONAM SILVA HOLANDA.zip was received. It was sent by DAVID LEONAM SILVA HOLANDA from IP 192.168.1.11 at 10-07-2026 18*56*54</message>
</record>
</log>
<?xml version="1.0" encoding="UTF-8" standalone="no"?>
<!DOCTYPE log SYSTEM "logger.dtd">
<log>
<record>
  <date>2026-07-13T18:44:17.130-0300</date>
  <logger>DAVID LEONAM SILVA HOLANDA</logger>
  <level>FINE</level>
  <message>File 121110520-DAVID LEONAM SILVA HOLANDA.zip was received. It was sent by DAVID LEONAM SILVA HOLANDA from IP 192.168.1.2 at 13-07-2026 18*44*17</message>
</record>
</log>
<?xml version="1.0" encoding="UTF-8" standalone="no"?>
<!DOCTYPE log SYSTEM "logger.dtd">
<log>
<record>
  <date>2026-07-17T00:15:29.036-0300</date>
  <logger>DAVID LEONAM SILVA HOLANDA</logger>
  <level>FINE</level>
  <message>File 121110520-DAVID LEONAM SILVA HOLANDA.zip was received. It was sent by DAVID LEONAM SILVA HOLANDA from IP 192.168.1.2 at 17-07-2026 00*15*29</message>
</record>
</log>
<?xml version="1.0" encoding="UTF-8" standalone="no"?>
<!DOCTYPE log SYSTEM "logger.dtd">
<log>
<record>
  <date>2026-07-17T10:47:13.955-0300</date>
  <logger>DAVID LEONAM SILVA HOLANDA</logger>
  <level>FINE</level>
  <message>File 121110520-DAVID LEONAM SILVA HOLANDA.zip was received. It was sent by DAVID LEONAM SILVA HOLANDA from IP 150.165.74.79 at 17-07-2026 10*47*13</message>
</record>
</log>
<?xml version="1.0" encoding="UTF-8" standalone="no"?>
<!DOCTYPE log SYSTEM "logger.dtd">
<log>
<record>
  <date>2026-07-17T14:07:57.476-0300</date>
  <logger>DAVID LEONAM SILVA HOLANDA</logger>
  <level>FINE</level>
  <message>File 121110520-DAVID LEONAM SILVA HOLANDA.zip was received. It was sent by DAVID LEONAM SILVA HOLANDA from IP 150.165.74.79 at 17-07-2026 14*07*57</message>
</record>
</log>
<?xml version="1.0" encoding="UTF-8" standalone="no"?>
<!DOCTYPE log SYSTEM "logger.dtd">
<log>
<record>
  <date>2026-07-17T15:51:33.888-0300</date>
  <logger>DAVID LEONAM SILVA HOLANDA</logger>
  <level>FINE</level>
  <message>File 121110520-DAVID LEONAM SILVA HOLANDA.zip was received. It was sent by DAVID LEONAM SILVA HOLANDA from IP 150.165.74.79 at 17-07-2026 15*51*33</message>
</record>
</log>
<?xml version="1.0" encoding="UTF-8" standalone="no"?>
<!DOCTYPE log SYSTEM "logger.dtd">
<log>
<record>
  <date>2026-07-17T16:45:20.600-0300</date>
  <logger>DAVID LEONAM SILVA HOLANDA</logger>
  <level>FINE</level>
  <message>File 121110520-DAVID LEONAM SILVA HOLANDA.zip was received. It was sent by DAVID LEONAM SILVA HOLANDA from IP 150.165.74.79 at 17-07-2026 16*45*20</message>
</record>
