<?xml version="1.0" encoding="UTF-8" standalone="no"?>
<!DOCTYPE log SYSTEM "logger.dtd">
<log>
<record>
  <date>2026-05-20T08:56:34.968-0300</date>
  <logger>DAVID LEONAM SILVA HOLANDA</logger>
  <level>FINE</level>
  <message>File 121110520-DAVID LEONAM SILVA HOLANDA.zip was received. It was sent by DAVID LEONAM SILVA HOLANDA from IP 150.165.74.79 at 20-05-2026 08*56*34</message>
</record>
</log>
<?xml version="1.0" encoding="UTF-8" standalone="no"?>
<!DOCTYPE log SYSTEM "logger.dtd">
<log>
<record>
  <date>2026-05-22T08:46:47.925-0300</date>
  <logger>DAVID LEONAM SILVA HOLANDA</logger>
  <level>FINE</level>
  <message>File 121110520-DAVID LEONAM SILVA HOLANDA.zip was received. It was sent by DAVID LEONAM SILVA HOLANDA from IP 10.46.0.116 at 22-05-2026 08*46*47</message>
</record>
</log>
<?xml version="1.0" encoding="UTF-8" standalone="no"?>
<!DOCTYPE log SYSTEM "logger.dtd">
<log>
<record>
  <date>2026-05-22T09:07:48.190-0300</date>
  <logger>DAVID LEONAM SILVA HOLANDA</logger>
  <level>FINE</level>
  <message>File 121110520-DAVID LEONAM SILVA HOLANDA.zip was received. It was sent by DAVID LEONAM SILVA HOLANDA from IP 10.46.0.116 at 22-05-2026 09*07*48</message>
</record>
