<?xml version="1.0" encoding="UTF-8" standalone="no"?>
<!DOCTYPE log SYSTEM "logger.dtd">
<log>
<record>
  <date>2026-06-10T09:56:28.521-0300</date>
  <logger>DAVID LEONAM SILVA HOLANDA</logger>
  <level>FINE</level>
  <message>File 121110520-DAVID LEONAM SILVA HOLANDA.zip was received. It was sent by DAVID LEONAM SILVA HOLANDA from IP 192.168.51.203 at 10-06-2026 09*56*28</message>
</record>
</log>
<?xml version="1.0" encoding="UTF-8" standalone="no"?>
<!DOCTYPE log SYSTEM "logger.dtd">
<log>
<record>
  <date>2026-06-14T15:44:55.443-0300</date>
  <logger>DAVID LEONAM SILVA HOLANDA</logger>
  <level>FINE</level>
  <message>File 121110520-DAVID LEONAM SILVA HOLANDA.zip was received. It was sent by DAVID LEONAM SILVA HOLANDA from IP 192.168.1.4 at 14-06-2026 15*44*55</message>
</record>
</log>
<?xml version="1.0" encoding="UTF-8" standalone="no"?>
<!DOCTYPE log SYSTEM "logger.dtd">
<log>
<record>
  <date>2026-06-14T16:03:47.834-0300</date>
  <logger>DAVID LEONAM SILVA HOLANDA</logger>
  <level>FINE</level>
  <message>File 121110520-DAVID LEONAM SILVA HOLANDA.zip was received. It was sent by DAVID LEONAM SILVA HOLANDA from IP 192.168.1.4 at 14-06-2026 16*03*47</message>
</record>
</log>
<?xml version="1.0" encoding="UTF-8" standalone="no"?>
<!DOCTYPE log SYSTEM "logger.dtd">
<log>
<record>
  <date>2026-06-14T16:20:25.270-0300</date>
  <logger>DAVID LEONAM SILVA HOLANDA</logger>
  <level>FINE</level>
  <message>File 121110520-DAVID LEONAM SILVA HOLANDA.zip was received. It was sent by DAVID LEONAM SILVA HOLANDA from IP 192.168.1.4 at 14-06-2026 16*20*25</message>
</record>
</log>
<?xml version="1.0" encoding="UTF-8" standalone="no"?>
<!DOCTYPE log SYSTEM "logger.dtd">
<log>
<record>
  <date>2026-06-14T16:26:18.192-0300</date>
  <logger>DAVID LEONAM SILVA HOLANDA</logger>
  <level>FINE</level>
  <message>File 121110520-DAVID LEONAM SILVA HOLANDA.zip was received. It was sent by DAVID LEONAM SILVA HOLANDA from IP 192.168.1.4 at 14-06-2026 16*26*18</message>
</record>
</log>
<?xml version="1.0" encoding="UTF-8" standalone="no"?>
<!DOCTYPE log SYSTEM "logger.dtd">
<log>
<record>
  <date>2026-06-14T16:28:29.220-0300</date>
  <logger>DAVID LEONAM SILVA HOLANDA</logger>
  <level>FINE</level>
  <message>File 121110520-DAVID LEONAM SILVA HOLANDA.zip was received. It was sent by DAVID LEONAM SILVA HOLANDA from IP 192.168.1.4 at 14-06-2026 16*28*29</message>
</record>
</log>
<?xml version="1.0" encoding="UTF-8" standalone="no"?>
<!DOCTYPE log SYSTEM "logger.dtd">
<log>
<record>
  <date>2026-06-14T16:35:21.508-0300</date>
  <logger>DAVID LEONAM SILVA HOLANDA</logger>
  <level>FINE</level>
  <message>File 121110520-DAVID LEONAM SILVA HOLANDA.zip was received. It was sent by DAVID LEONAM SILVA HOLANDA from IP 192.168.1.4 at 14-06-2026 16*35*21</message>
</record>
</log>
<?xml version="1.0" encoding="UTF-8" standalone="no"?>
<!DOCTYPE log SYSTEM "logger.dtd">
<log>
<record>
  <date>2026-06-14T16:38:06.407-0300</date>
  <logger>DAVID LEONAM SILVA HOLANDA</logger>
  <level>FINE</level>
  <message>File 121110520-DAVID LEONAM SILVA HOLANDA.zip was received. It was sent by DAVID LEONAM SILVA HOLANDA from IP 192.168.1.4 at 14-06-2026 16*38*06</message>
</record>
</log>
<?xml version="1.0" encoding="UTF-8" standalone="no"?>
<!DOCTYPE log SYSTEM "logger.dtd">
<log>
<record>
  <date>2026-06-14T23:48:59.547-0300</date>
  <logger>DAVID LEONAM SILVA HOLANDA</logger>
  <level>FINE</level>
  <message>File 121110520-DAVID LEONAM SILVA HOLANDA.zip was received. It was sent by DAVID LEONAM SILVA HOLANDA from IP 192.168.1.4 at 14-06-2026 23*48*59</message>
</record>
</log>
<?xml version="1.0" encoding="UTF-8" standalone="no"?>
<!DOCTYPE log SYSTEM "logger.dtd">
<log>
<record>
  <date>2026-06-14T23:49:58.731-0300</date>
  <logger>DAVID LEONAM SILVA HOLANDA</logger>
  <level>FINE</level>
  <message>File 121110520-DAVID LEONAM SILVA HOLANDA.zip was received. It was sent by DAVID LEONAM SILVA HOLANDA from IP 192.168.1.4 at 14-06-2026 23*49*58</message>
</record>
