<?xml version="1.0" encoding="UTF-8" standalone="no"?>
<!DOCTYPE log SYSTEM "logger.dtd">
<log>
<record>
  <date>2026-05-08T10:59:29.729-0300</date>
  <logger>DAVID LEONAM SILVA HOLANDA</logger>
  <level>FINE</level>
  <message>File 121110520-DAVID LEONAM SILVA HOLANDA.zip was received. It was sent by DAVID LEONAM SILVA HOLANDA from IP 150.165.74.106 at 08-05-2026 10*59*29</message>
</record>
</log>
<?xml version="1.0" encoding="UTF-8" standalone="no"?>
<!DOCTYPE log SYSTEM "logger.dtd">
<log>
<record>
  <date>2026-05-08T11:35:42.832-0300</date>
  <logger>DAVID LEONAM SILVA HOLANDA</logger>
  <level>FINE</level>
  <message>File 121110520-DAVID LEONAM SILVA HOLANDA.zip was received. It was sent by DAVID LEONAM SILVA HOLANDA from IP 150.165.74.106 at 08-05-2026 11*35*42</message>
</record>
</log>
<?xml version="1.0" encoding="UTF-8" standalone="no"?>
<!DOCTYPE log SYSTEM "logger.dtd">
<log>
<record>
  <date>2026-05-14T11:35:10.344-0300</date>
  <logger>DAVID LEONAM SILVA HOLANDA</logger>
  <level>FINE</level>
  <message>File 121110520-DAVID LEONAM SILVA HOLANDA.zip was received. It was sent by DAVID LEONAM SILVA HOLANDA from IP 192.168.1.69 at 14-05-2026 11*35*10</message>
</record>
</log>
<?xml version="1.0" encoding="UTF-8" standalone="no"?>
<!DOCTYPE log SYSTEM "logger.dtd">
<log>
<record>
  <date>2026-05-15T07:12:05.636-0300</date>
  <logger>DAVID LEONAM SILVA HOLANDA</logger>
  <level>FINE</level>
  <message>File 121110520-DAVID LEONAM SILVA HOLANDA.zip was received. It was sent by DAVID LEONAM SILVA HOLANDA from IP 192.168.1.69 at 15-05-2026 07*12*05</message>
</record>
</log>
<?xml version="1.0" encoding="UTF-8" standalone="no"?>
<!DOCTYPE log SYSTEM "logger.dtd">
<log>
<record>
  <date>2026-05-15T07:26:14.992-0300</date>
  <logger>DAVID LEONAM SILVA HOLANDA</logger>
  <level>FINE</level>
  <message>File 121110520-DAVID LEONAM SILVA HOLANDA.zip was received. It was sent by DAVID LEONAM SILVA HOLANDA from IP 192.168.1.69 at 15-05-2026 07*26*14</message>
</record>
</log>
<?xml version="1.0" encoding="UTF-8" standalone="no"?>
<!DOCTYPE log SYSTEM "logger.dtd">
<log>
<record>
  <date>2026-05-15T07:31:25.263-0300</date>
  <logger>DAVID LEONAM SILVA HOLANDA</logger>
  <level>FINE</level>
  <message>File 121110520-DAVID LEONAM SILVA HOLANDA.zip was received. It was sent by DAVID LEONAM SILVA HOLANDA from IP 192.168.1.69 at 15-05-2026 07*31*25</message>
</record>
</log>
<?xml version="1.0" encoding="UTF-8" standalone="no"?>
<!DOCTYPE log SYSTEM "logger.dtd">
<log>
<record>
  <date>2026-05-15T07:36:07.982-0300</date>
  <logger>DAVID LEONAM SILVA HOLANDA</logger>
  <level>FINE</level>
  <message>File 121110520-DAVID LEONAM SILVA HOLANDA.zip was received. It was sent by DAVID LEONAM SILVA HOLANDA from IP 192.168.1.69 at 15-05-2026 07*36*07</message>
</record>
</log>
<?xml version="1.0" encoding="UTF-8" standalone="no"?>
<!DOCTYPE log SYSTEM "logger.dtd">
<log>
<record>
  <date>2026-05-15T07:36:44.782-0300</date>
  <logger>DAVID LEONAM SILVA HOLANDA</logger>
  <level>FINE</level>
  <message>File 121110520-DAVID LEONAM SILVA HOLANDA.zip was received. It was sent by DAVID LEONAM SILVA HOLANDA from IP 192.168.1.69 at 15-05-2026 07*36*44</message>
</record>
